Build output check failed:
    Regex: 'argument .* is not valid'
    Output line: 'cc1: warning: ‘-Werror=’ argument ‘-Werror=non-virtual-dtor’ is not valid for C'
Compilation failed:
    source file: '/home/dusica/Desktop/descan/Descan/build/CMakeFiles/CMakeTmp/src.c'
    check option: ' -fsigned-char -W -Wall -Werror=return-type  -Werror=non-virtual-dtor'
===== BUILD LOG =====
Change Dir: /home/dusica/Desktop/descan/Descan/build/CMakeFiles/CMakeTmp

Run Build Command(s):/usr/bin/make cmTC_0c681/fast && /usr/bin/make -f CMakeFiles/cmTC_0c681.dir/build.make CMakeFiles/cmTC_0c681.dir/build
make[1]: Entering directory '/home/dusica/Desktop/descan/Descan/build/CMakeFiles/CMakeTmp'
Building C object CMakeFiles/cmTC_0c681.dir/src.c.o
/usr/bin/cc   -O3 -DNDEBUG -fPIE    -fsigned-char -W -Wall -Werror=return-type  -Werror=non-virtual-dtor -o CMakeFiles/cmTC_0c681.dir/src.c.o   -c /home/dusica/Desktop/descan/Descan/build/CMakeFiles/CMakeTmp/src.c
cc1: warning: ‘-Werror=’ argument ‘-Werror=non-virtual-dtor’ is not valid for C
/home/dusica/Desktop/descan/Descan/build/CMakeFiles/CMakeTmp/src.c:1: warning: ignoring #pragma   [-Wunknown-pragmas]
    1 | #pragma
      | 
Linking C executable cmTC_0c681
/usr/bin/cmake -E cmake_link_script CMakeFiles/cmTC_0c681.dir/link.txt --verbose=1
/usr/bin/cc   -O3 -DNDEBUG    CMakeFiles/cmTC_0c681.dir/src.c.o  -o cmTC_0c681 
make[1]: Leaving directory '/home/dusica/Desktop/descan/Descan/build/CMakeFiles/CMakeTmp'


===== END =====

Build output check failed:
    Regex: 'command[- ]line option .* is valid for .* but not for C\+\+'
    Output line: 'cc1plus: warning: command line option ‘-Wmissing-prototypes’ is valid for C/ObjC but not for C++'
Compilation failed:
    source file: '/home/dusica/Desktop/descan/Descan/build/CMakeFiles/CMakeTmp/src.cxx'
    check option: ' -fsigned-char -W -Wall -Werror=return-type -Werror=non-virtual-dtor -Werror=address -Werror=sequence-point -Wformat -Werror=format-security -Wmissing-declarations  -Wmissing-prototypes'
===== BUILD LOG =====
Change Dir: /home/dusica/Desktop/descan/Descan/build/CMakeFiles/CMakeTmp

Run Build Command(s):/usr/bin/make cmTC_3640f/fast && /usr/bin/make -f CMakeFiles/cmTC_3640f.dir/build.make CMakeFiles/cmTC_3640f.dir/build
make[1]: Entering directory '/home/dusica/Desktop/descan/Descan/build/CMakeFiles/CMakeTmp'
Building CXX object CMakeFiles/cmTC_3640f.dir/src.cxx.o
/usr/bin/c++    -O3 -DNDEBUG -fPIE    -fsigned-char -W -Wall -Werror=return-type -Werror=non-virtual-dtor -Werror=address -Werror=sequence-point -Wformat -Werror=format-security -Wmissing-declarations  -Wmissing-prototypes -std=c++11 -o CMakeFiles/cmTC_3640f.dir/src.cxx.o -c /home/dusica/Desktop/descan/Descan/build/CMakeFiles/CMakeTmp/src.cxx
cc1plus: warning: command line option ‘-Wmissing-prototypes’ is valid for C/ObjC but not for C++
/home/dusica/Desktop/descan/Descan/build/CMakeFiles/CMakeTmp/src.cxx:1: warning: ignoring #pragma   [-Wunknown-pragmas]
    1 | #pragma
      | 
Linking CXX executable cmTC_3640f
/usr/bin/cmake -E cmake_link_script CMakeFiles/cmTC_3640f.dir/link.txt --verbose=1
/usr/bin/c++    -O3 -DNDEBUG    CMakeFiles/cmTC_3640f.dir/src.cxx.o  -o cmTC_3640f 
make[1]: Leaving directory '/home/dusica/Desktop/descan/Descan/build/CMakeFiles/CMakeTmp'


===== END =====

Build output check failed:
    Regex: 'command[- ]line option .* is valid for .* but not for C\+\+'
    Output line: 'cc1plus: warning: command line option ‘-Wstrict-prototypes’ is valid for C/ObjC but not for C++'
Compilation failed:
    source file: '/home/dusica/Desktop/descan/Descan/build/CMakeFiles/CMakeTmp/src.cxx'
    check option: ' -fsigned-char -W -Wall -Werror=return-type -Werror=non-virtual-dtor -Werror=address -Werror=sequence-point -Wformat -Werror=format-security -Wmissing-declarations  -Wstrict-prototypes'
===== BUILD LOG =====
Change Dir: /home/dusica/Desktop/descan/Descan/build/CMakeFiles/CMakeTmp

Run Build Command(s):/usr/bin/make cmTC_0a31f/fast && /usr/bin/make -f CMakeFiles/cmTC_0a31f.dir/build.make CMakeFiles/cmTC_0a31f.dir/build
make[1]: Entering directory '/home/dusica/Desktop/descan/Descan/build/CMakeFiles/CMakeTmp'
Building CXX object CMakeFiles/cmTC_0a31f.dir/src.cxx.o
/usr/bin/c++    -O3 -DNDEBUG -fPIE    -fsigned-char -W -Wall -Werror=return-type -Werror=non-virtual-dtor -Werror=address -Werror=sequence-point -Wformat -Werror=format-security -Wmissing-declarations  -Wstrict-prototypes -std=c++11 -o CMakeFiles/cmTC_0a31f.dir/src.cxx.o -c /home/dusica/Desktop/descan/Descan/build/CMakeFiles/CMakeTmp/src.cxx
cc1plus: warning: command line option ‘-Wstrict-prototypes’ is valid for C/ObjC but not for C++
/home/dusica/Desktop/descan/Descan/build/CMakeFiles/CMakeTmp/src.cxx:1: warning: ignoring #pragma   [-Wunknown-pragmas]
    1 | #pragma
      | 
Linking CXX executable cmTC_0a31f
/usr/bin/cmake -E cmake_link_script CMakeFiles/cmTC_0a31f.dir/link.txt --verbose=1
/usr/bin/c++    -O3 -DNDEBUG    CMakeFiles/cmTC_0a31f.dir/src.cxx.o  -o cmTC_0a31f 
make[1]: Leaving directory '/home/dusica/Desktop/descan/Descan/build/CMakeFiles/CMakeTmp'


===== END =====

Build output check failed:
    Regex: 'command[- ]line option .* is valid for .* but not for C'
    Output line: 'cc1: warning: command line option ‘-Wsign-promo’ is valid for C++/ObjC++ but not for C'
Compilation failed:
    source file: '/home/dusica/Desktop/descan/Descan/build/CMakeFiles/CMakeTmp/src.c'
    check option: ' -fsigned-char -W -Wall -Werror=return-type -Werror=address -Werror=sequence-point -Wformat -Werror=format-security -Wmissing-declarations -Wmissing-prototypes -Wstrict-prototypes -Wundef -Winit-self -Wpointer-arith -Wshadow  -Wsign-promo'
===== BUILD LOG =====
Change Dir: /home/dusica/Desktop/descan/Descan/build/CMakeFiles/CMakeTmp

Run Build Command(s):/usr/bin/make cmTC_7e1bf/fast && /usr/bin/make -f CMakeFiles/cmTC_7e1bf.dir/build.make CMakeFiles/cmTC_7e1bf.dir/build
make[1]: Entering directory '/home/dusica/Desktop/descan/Descan/build/CMakeFiles/CMakeTmp'
Building C object CMakeFiles/cmTC_7e1bf.dir/src.c.o
/usr/bin/cc   -O3 -DNDEBUG -fPIE    -fsigned-char -W -Wall -Werror=return-type -Werror=address -Werror=sequence-point -Wformat -Werror=format-security -Wmissing-declarations -Wmissing-prototypes -Wstrict-prototypes -Wundef -Winit-self -Wpointer-arith -Wshadow  -Wsign-promo -o CMakeFiles/cmTC_7e1bf.dir/src.c.o   -c /home/dusica/Desktop/descan/Descan/build/CMakeFiles/CMakeTmp/src.c
cc1: warning: command line option ‘-Wsign-promo’ is valid for C++/ObjC++ but not for C
/home/dusica/Desktop/descan/Descan/build/CMakeFiles/CMakeTmp/src.c:1: warning: ignoring #pragma   [-Wunknown-pragmas]
    1 | #pragma
      | 
Linking C executable cmTC_7e1bf
/usr/bin/cmake -E cmake_link_script CMakeFiles/cmTC_7e1bf.dir/link.txt --verbose=1
/usr/bin/cc   -O3 -DNDEBUG    CMakeFiles/cmTC_7e1bf.dir/src.c.o  -o cmTC_7e1bf 
make[1]: Leaving directory '/home/dusica/Desktop/descan/Descan/build/CMakeFiles/CMakeTmp'


===== END =====

Build output check failed:
    Regex: 'command[- ]line option .* is valid for .* but not for C'
    Output line: 'cc1: warning: command line option ‘-Wsuggest-override’ is valid for C++/ObjC++ but not for C'
Compilation failed:
    source file: '/home/dusica/Desktop/descan/Descan/build/CMakeFiles/CMakeTmp/src.c'
    check option: ' -fsigned-char -W -Wall -Werror=return-type -Werror=address -Werror=sequence-point -Wformat -Werror=format-security -Wmissing-declarations -Wmissing-prototypes -Wstrict-prototypes -Wundef -Winit-self -Wpointer-arith -Wshadow -Wuninitialized -Winit-self  -Wsuggest-override'
===== BUILD LOG =====
Change Dir: /home/dusica/Desktop/descan/Descan/build/CMakeFiles/CMakeTmp

Run Build Command(s):/usr/bin/make cmTC_2b883/fast && /usr/bin/make -f CMakeFiles/cmTC_2b883.dir/build.make CMakeFiles/cmTC_2b883.dir/build
make[1]: Entering directory '/home/dusica/Desktop/descan/Descan/build/CMakeFiles/CMakeTmp'
Building C object CMakeFiles/cmTC_2b883.dir/src.c.o
/usr/bin/cc   -O3 -DNDEBUG -fPIE    -fsigned-char -W -Wall -Werror=return-type -Werror=address -Werror=sequence-point -Wformat -Werror=format-security -Wmissing-declarations -Wmissing-prototypes -Wstrict-prototypes -Wundef -Winit-self -Wpointer-arith -Wshadow -Wuninitialized -Winit-self  -Wsuggest-override -o CMakeFiles/cmTC_2b883.dir/src.c.o   -c /home/dusica/Desktop/descan/Descan/build/CMakeFiles/CMakeTmp/src.c
cc1: warning: command line option ‘-Wsuggest-override’ is valid for C++/ObjC++ but not for C
/home/dusica/Desktop/descan/Descan/build/CMakeFiles/CMakeTmp/src.c:1: warning: ignoring #pragma   [-Wunknown-pragmas]
    1 | #pragma
      | 
Linking C executable cmTC_2b883
/usr/bin/cmake -E cmake_link_script CMakeFiles/cmTC_2b883.dir/link.txt --verbose=1
/usr/bin/cc   -O3 -DNDEBUG    CMakeFiles/cmTC_2b883.dir/src.c.o  -o cmTC_2b883 
make[1]: Leaving directory '/home/dusica/Desktop/descan/Descan/build/CMakeFiles/CMakeTmp'


===== END =====

Build output check failed:
    Regex: 'command[- ]line option .* is valid for .* but not for C'
    Output line: 'cc1: warning: command line option ‘-Wno-delete-non-virtual-dtor’ is valid for C++/ObjC++ but not for C'
Compilation failed:
    source file: '/home/dusica/Desktop/descan/Descan/build/CMakeFiles/CMakeTmp/src.c'
    check option: ' -fsigned-char -W -Wall -Werror=return-type -Werror=address -Werror=sequence-point -Wformat -Werror=format-security -Wmissing-declarations -Wmissing-prototypes -Wstrict-prototypes -Wundef -Winit-self -Wpointer-arith -Wshadow -Wuninitialized -Winit-self  -Wno-delete-non-virtual-dtor'
===== BUILD LOG =====
Change Dir: /home/dusica/Desktop/descan/Descan/build/CMakeFiles/CMakeTmp

Run Build Command(s):/usr/bin/make cmTC_c5548/fast && /usr/bin/make -f CMakeFiles/cmTC_c5548.dir/build.make CMakeFiles/cmTC_c5548.dir/build
make[1]: Entering directory '/home/dusica/Desktop/descan/Descan/build/CMakeFiles/CMakeTmp'
Building C object CMakeFiles/cmTC_c5548.dir/src.c.o
/usr/bin/cc   -O3 -DNDEBUG -fPIE    -fsigned-char -W -Wall -Werror=return-type -Werror=address -Werror=sequence-point -Wformat -Werror=format-security -Wmissing-declarations -Wmissing-prototypes -Wstrict-prototypes -Wundef -Winit-self -Wpointer-arith -Wshadow -Wuninitialized -Winit-self  -Wno-delete-non-virtual-dtor -o CMakeFiles/cmTC_c5548.dir/src.c.o   -c /home/dusica/Desktop/descan/Descan/build/CMakeFiles/CMakeTmp/src.c
cc1: warning: command line option ‘-Wno-delete-non-virtual-dtor’ is valid for C++/ObjC++ but not for C
/home/dusica/Desktop/descan/Descan/build/CMakeFiles/CMakeTmp/src.c:1: warning: ignoring #pragma   [-Wunknown-pragmas]
    1 | #pragma
      | 
Linking C executable cmTC_c5548
/usr/bin/cmake -E cmake_link_script CMakeFiles/cmTC_c5548.dir/link.txt --verbose=1
/usr/bin/cc   -O3 -DNDEBUG    CMakeFiles/cmTC_c5548.dir/src.c.o  -o cmTC_c5548 
make[1]: Leaving directory '/home/dusica/Desktop/descan/Descan/build/CMakeFiles/CMakeTmp'


===== END =====

Build output check failed:
    Regex: 'unrecognized .*option'
    Output line: 'cc1plus: warning: unrecognized command line option ‘-Wno-unnamed-type-template-args’'
Compilation failed:
    source file: '/home/dusica/Desktop/descan/Descan/build/CMakeFiles/CMakeTmp/src.cxx'
    check option: ' -fsigned-char -W -Wall -Werror=return-type -Werror=non-virtual-dtor -Werror=address -Werror=sequence-point -Wformat -Werror=format-security -Wmissing-declarations -Wundef -Winit-self -Wpointer-arith -Wshadow -Wsign-promo -Wuninitialized -Winit-self -Wsuggest-override -Wno-delete-non-virtual-dtor  -Wno-unnamed-type-template-args'
===== BUILD LOG =====
Change Dir: /home/dusica/Desktop/descan/Descan/build/CMakeFiles/CMakeTmp

Run Build Command(s):/usr/bin/make cmTC_42f28/fast && /usr/bin/make -f CMakeFiles/cmTC_42f28.dir/build.make CMakeFiles/cmTC_42f28.dir/build
make[1]: Entering directory '/home/dusica/Desktop/descan/Descan/build/CMakeFiles/CMakeTmp'
Building CXX object CMakeFiles/cmTC_42f28.dir/src.cxx.o
/usr/bin/c++    -O3 -DNDEBUG -fPIE    -fsigned-char -W -Wall -Werror=return-type -Werror=non-virtual-dtor -Werror=address -Werror=sequence-point -Wformat -Werror=format-security -Wmissing-declarations -Wundef -Winit-self -Wpointer-arith -Wshadow -Wsign-promo -Wuninitialized -Winit-self -Wsuggest-override -Wno-delete-non-virtual-dtor  -Wno-unnamed-type-template-args -std=c++11 -o CMakeFiles/cmTC_42f28.dir/src.cxx.o -c /home/dusica/Desktop/descan/Descan/build/CMakeFiles/CMakeTmp/src.cxx
/home/dusica/Desktop/descan/Descan/build/CMakeFiles/CMakeTmp/src.cxx:1: warning: ignoring #pragma   [-Wunknown-pragmas]
    1 | #pragma
      | 
cc1plus: warning: unrecognized command line option ‘-Wno-unnamed-type-template-args’
Linking CXX executable cmTC_42f28
/usr/bin/cmake -E cmake_link_script CMakeFiles/cmTC_42f28.dir/link.txt --verbose=1
/usr/bin/c++    -O3 -DNDEBUG    CMakeFiles/cmTC_42f28.dir/src.cxx.o  -o cmTC_42f28 
make[1]: Leaving directory '/home/dusica/Desktop/descan/Descan/build/CMakeFiles/CMakeTmp'


===== END =====

Build output check failed:
    Regex: 'unrecognized .*option'
    Output line: 'cc1: warning: unrecognized command line option ‘-Wno-unnamed-type-template-args’'
Compilation failed:
    source file: '/home/dusica/Desktop/descan/Descan/build/CMakeFiles/CMakeTmp/src.c'
    check option: ' -fsigned-char -W -Wall -Werror=return-type -Werror=address -Werror=sequence-point -Wformat -Werror=format-security -Wmissing-declarations -Wmissing-prototypes -Wstrict-prototypes -Wundef -Winit-self -Wpointer-arith -Wshadow -Wuninitialized -Winit-self  -Wno-unnamed-type-template-args'
===== BUILD LOG =====
Change Dir: /home/dusica/Desktop/descan/Descan/build/CMakeFiles/CMakeTmp

Run Build Command(s):/usr/bin/make cmTC_63308/fast && /usr/bin/make -f CMakeFiles/cmTC_63308.dir/build.make CMakeFiles/cmTC_63308.dir/build
make[1]: Entering directory '/home/dusica/Desktop/descan/Descan/build/CMakeFiles/CMakeTmp'
Building C object CMakeFiles/cmTC_63308.dir/src.c.o
/usr/bin/cc   -O3 -DNDEBUG -fPIE    -fsigned-char -W -Wall -Werror=return-type -Werror=address -Werror=sequence-point -Wformat -Werror=format-security -Wmissing-declarations -Wmissing-prototypes -Wstrict-prototypes -Wundef -Winit-self -Wpointer-arith -Wshadow -Wuninitialized -Winit-self  -Wno-unnamed-type-template-args -o CMakeFiles/cmTC_63308.dir/src.c.o   -c /home/dusica/Desktop/descan/Descan/build/CMakeFiles/CMakeTmp/src.c
/home/dusica/Desktop/descan/Descan/build/CMakeFiles/CMakeTmp/src.c:1: warning: ignoring #pragma   [-Wunknown-pragmas]
    1 | #pragma
      | 
cc1: warning: unrecognized command line option ‘-Wno-unnamed-type-template-args’
Linking C executable cmTC_63308
/usr/bin/cmake -E cmake_link_script CMakeFiles/cmTC_63308.dir/link.txt --verbose=1
/usr/bin/cc   -O3 -DNDEBUG    CMakeFiles/cmTC_63308.dir/src.c.o  -o cmTC_63308 
make[1]: Leaving directory '/home/dusica/Desktop/descan/Descan/build/CMakeFiles/CMakeTmp'


===== END =====

Build output check failed:
    Regex: 'command[- ]line option .* is valid for .* but not for C'
    Output line: 'cc1: warning: command line option ‘-fvisibility-inlines-hidden’ is valid for C++/ObjC++ but not for C'
Compilation failed:
    source file: '/home/dusica/Desktop/descan/Descan/build/CMakeFiles/CMakeTmp/src.c'
    check option: ' -fsigned-char -W -Wall -Werror=return-type -Werror=address -Werror=sequence-point -Wformat -Werror=format-security -Wmissing-declarations -Wmissing-prototypes -Wstrict-prototypes -Wundef -Winit-self -Wpointer-arith -Wshadow -Wuninitialized -Winit-self -Wno-comment -Wimplicit-fallthrough=3 -Wno-strict-overflow -fdiagnostics-show-option -Wno-long-long -pthread -fomit-frame-pointer -ffunction-sections -fdata-sections  -msse -msse2 -msse3 -fvisibility=hidden  -fvisibility-inlines-hidden'
===== BUILD LOG =====
Change Dir: /home/dusica/Desktop/descan/Descan/build/CMakeFiles/CMakeTmp

Run Build Command(s):/usr/bin/make cmTC_845d4/fast && /usr/bin/make -f CMakeFiles/cmTC_845d4.dir/build.make CMakeFiles/cmTC_845d4.dir/build
make[1]: Entering directory '/home/dusica/Desktop/descan/Descan/build/CMakeFiles/CMakeTmp'
Building C object CMakeFiles/cmTC_845d4.dir/src.c.o
/usr/bin/cc   -O3 -DNDEBUG -fPIE    -fsigned-char -W -Wall -Werror=return-type -Werror=address -Werror=sequence-point -Wformat -Werror=format-security -Wmissing-declarations -Wmissing-prototypes -Wstrict-prototypes -Wundef -Winit-self -Wpointer-arith -Wshadow -Wuninitialized -Winit-self -Wno-comment -Wimplicit-fallthrough=3 -Wno-strict-overflow -fdiagnostics-show-option -Wno-long-long -pthread -fomit-frame-pointer -ffunction-sections -fdata-sections  -msse -msse2 -msse3 -fvisibility=hidden  -fvisibility-inlines-hidden -o CMakeFiles/cmTC_845d4.dir/src.c.o   -c /home/dusica/Desktop/descan/Descan/build/CMakeFiles/CMakeTmp/src.c
cc1: warning: command line option ‘-fvisibility-inlines-hidden’ is valid for C++/ObjC++ but not for C
/home/dusica/Desktop/descan/Descan/build/CMakeFiles/CMakeTmp/src.c:1: warning: ignoring #pragma   [-Wunknown-pragmas]
    1 | #pragma
      | 
Linking C executable cmTC_845d4
/usr/bin/cmake -E cmake_link_script CMakeFiles/cmTC_845d4.dir/link.txt --verbose=1
/usr/bin/cc   -O3 -DNDEBUG    CMakeFiles/cmTC_845d4.dir/src.c.o  -o cmTC_845d4 
make[1]: Leaving directory '/home/dusica/Desktop/descan/Descan/build/CMakeFiles/CMakeTmp'


===== END =====

Determining if the include file io.h exists failed with the following output:
Change Dir: /home/dusica/Desktop/descan/Descan/build/CMakeFiles/CMakeTmp

Run Build Command(s):/usr/bin/make cmTC_331fa/fast && /usr/bin/make -f CMakeFiles/cmTC_331fa.dir/build.make CMakeFiles/cmTC_331fa.dir/build
make[1]: Entering directory '/home/dusica/Desktop/descan/Descan/build/CMakeFiles/CMakeTmp'
Building C object CMakeFiles/cmTC_331fa.dir/CheckIncludeFile.c.o
/usr/bin/cc   -fsigned-char -W -Wall -Werror=return-type -Werror=address -Werror=sequence-point -Wformat -Werror=format-security -Wmissing-declarations -Wmissing-prototypes -Wstrict-prototypes -Wundef -Winit-self -Wpointer-arith -Wshadow -Wuninitialized -Winit-self -Wno-comment -Wimplicit-fallthrough=3 -Wno-strict-overflow -fdiagnostics-show-option -Wno-long-long -pthread -fomit-frame-pointer -ffunction-sections -fdata-sections  -msse -msse2 -msse3 -fvisibility=hidden  -O3 -DNDEBUG  -DNDEBUG -fPIE   -o CMakeFiles/cmTC_331fa.dir/CheckIncludeFile.c.o   -c /home/dusica/Desktop/descan/Descan/build/CMakeFiles/CMakeTmp/CheckIncludeFile.c
/home/dusica/Desktop/descan/Descan/build/CMakeFiles/CMakeTmp/CheckIncludeFile.c:1:10: fatal error: io.h: No such file or directory
    1 | #include <io.h>
      |          ^~~~~~
compilation terminated.
make[1]: *** [CMakeFiles/cmTC_331fa.dir/build.make:66: CMakeFiles/cmTC_331fa.dir/CheckIncludeFile.c.o] Error 1
make[1]: Leaving directory '/home/dusica/Desktop/descan/Descan/build/CMakeFiles/CMakeTmp'
make: *** [Makefile:121: cmTC_331fa/fast] Error 2



Determining size of INT8 failed with the following output:
Change Dir: /home/dusica/Desktop/descan/Descan/build/CMakeFiles/CMakeTmp

Run Build Command(s):/usr/bin/make cmTC_0ef2f/fast && /usr/bin/make -f CMakeFiles/cmTC_0ef2f.dir/build.make CMakeFiles/cmTC_0ef2f.dir/build
make[1]: Entering directory '/home/dusica/Desktop/descan/Descan/build/CMakeFiles/CMakeTmp'
Building C object CMakeFiles/cmTC_0ef2f.dir/int8.c.o
/usr/bin/cc   -fsigned-char -W -Wall -Werror=return-type -Werror=address -Werror=sequence-point -Wformat -Werror=format-security -Wmissing-declarations -Wmissing-prototypes -Wstrict-prototypes -Wundef -Winit-self -Wpointer-arith -Wshadow -Wuninitialized -Winit-self -Wno-comment -Wimplicit-fallthrough=3 -Wno-strict-overflow -fdiagnostics-show-option -Wno-long-long -pthread -fomit-frame-pointer -ffunction-sections -fdata-sections  -msse -msse2 -msse3 -fvisibility=hidden  -O3 -DNDEBUG  -DNDEBUG -fPIE   -o CMakeFiles/cmTC_0ef2f.dir/int8.c.o   -c /home/dusica/Desktop/descan/Descan/build/CMakeFiles/CheckTypeSize/int8.c
/home/dusica/Desktop/descan/Descan/build/CMakeFiles/CheckTypeSize/int8.c:23:22: error: ‘INT8’ undeclared here (not in a function); did you mean ‘INT8_C’?
   23 | #define SIZE (sizeof(INT8))
      |                      ^~~~
/home/dusica/Desktop/descan/Descan/build/CMakeFiles/CheckTypeSize/int8.c:25:12: note: in expansion of macro ‘SIZE’
   25 |   ('0' + ((SIZE / 10000)%10)),
      |            ^~~~
make[1]: *** [CMakeFiles/cmTC_0ef2f.dir/build.make:66: CMakeFiles/cmTC_0ef2f.dir/int8.c.o] Error 1
make[1]: Leaving directory '/home/dusica/Desktop/descan/Descan/build/CMakeFiles/CMakeTmp'
make: *** [Makefile:121: cmTC_0ef2f/fast] Error 2


/home/dusica/Desktop/descan/Descan/build/CMakeFiles/CheckTypeSize/int8.c:
#include <sys/types.h>
#include <stdint.h>
#include <stddef.h>


#undef KEY
#if defined(__i386)
# define KEY '_','_','i','3','8','6'
#elif defined(__x86_64)
# define KEY '_','_','x','8','6','_','6','4'
#elif defined(__ppc__)
# define KEY '_','_','p','p','c','_','_'
#elif defined(__ppc64__)
# define KEY '_','_','p','p','c','6','4','_','_'
#elif defined(__aarch64__)
# define KEY '_','_','a','a','r','c','h','6','4','_','_'
#elif defined(__ARM_ARCH_7A__)
# define KEY '_','_','A','R','M','_','A','R','C','H','_','7','A','_','_'
#elif defined(__ARM_ARCH_7S__)
# define KEY '_','_','A','R','M','_','A','R','C','H','_','7','S','_','_'
#endif

#define SIZE (sizeof(INT8))
static char info_size[] =  {'I', 'N', 'F', 'O', ':', 's','i','z','e','[',
  ('0' + ((SIZE / 10000)%10)),
  ('0' + ((SIZE / 1000)%10)),
  ('0' + ((SIZE / 100)%10)),
  ('0' + ((SIZE / 10)%10)),
  ('0' +  (SIZE    % 10)),
  ']',
#ifdef KEY
  ' ','k','e','y','[', KEY, ']',
#endif
  '\0'};

#ifdef __CLASSIC_C__
int main(argc, argv) int argc; char *argv[];
#else
int main(int argc, char *argv[])
#endif
{
  int require = 0;
  require += info_size[argc];
  (void)argv;
  return require;
}


Determining size of INT16 failed with the following output:
Change Dir: /home/dusica/Desktop/descan/Descan/build/CMakeFiles/CMakeTmp

Run Build Command(s):/usr/bin/make cmTC_909f6/fast && /usr/bin/make -f CMakeFiles/cmTC_909f6.dir/build.make CMakeFiles/cmTC_909f6.dir/build
make[1]: Entering directory '/home/dusica/Desktop/descan/Descan/build/CMakeFiles/CMakeTmp'
Building C object CMakeFiles/cmTC_909f6.dir/int16.c.o
/usr/bin/cc   -fsigned-char -W -Wall -Werror=return-type -Werror=address -Werror=sequence-point -Wformat -Werror=format-security -Wmissing-declarations -Wmissing-prototypes -Wstrict-prototypes -Wundef -Winit-self -Wpointer-arith -Wshadow -Wuninitialized -Winit-self -Wno-comment -Wimplicit-fallthrough=3 -Wno-strict-overflow -fdiagnostics-show-option -Wno-long-long -pthread -fomit-frame-pointer -ffunction-sections -fdata-sections  -msse -msse2 -msse3 -fvisibility=hidden  -O3 -DNDEBUG  -DNDEBUG -fPIE   -o CMakeFiles/cmTC_909f6.dir/int16.c.o   -c /home/dusica/Desktop/descan/Descan/build/CMakeFiles/CheckTypeSize/int16.c
/home/dusica/Desktop/descan/Descan/build/CMakeFiles/CheckTypeSize/int16.c:23:22: error: ‘INT16’ undeclared here (not in a function); did you mean ‘INT16_C’?
   23 | #define SIZE (sizeof(INT16))
      |                      ^~~~~
/home/dusica/Desktop/descan/Descan/build/CMakeFiles/CheckTypeSize/int16.c:25:12: note: in expansion of macro ‘SIZE’
   25 |   ('0' + ((SIZE / 10000)%10)),
      |            ^~~~
make[1]: *** [CMakeFiles/cmTC_909f6.dir/build.make:66: CMakeFiles/cmTC_909f6.dir/int16.c.o] Error 1
make[1]: Leaving directory '/home/dusica/Desktop/descan/Descan/build/CMakeFiles/CMakeTmp'
make: *** [Makefile:121: cmTC_909f6/fast] Error 2


/home/dusica/Desktop/descan/Descan/build/CMakeFiles/CheckTypeSize/int16.c:
#include <sys/types.h>
#include <stdint.h>
#include <stddef.h>


#undef KEY
#if defined(__i386)
# define KEY '_','_','i','3','8','6'
#elif defined(__x86_64)
# define KEY '_','_','x','8','6','_','6','4'
#elif defined(__ppc__)
# define KEY '_','_','p','p','c','_','_'
#elif defined(__ppc64__)
# define KEY '_','_','p','p','c','6','4','_','_'
#elif defined(__aarch64__)
# define KEY '_','_','a','a','r','c','h','6','4','_','_'
#elif defined(__ARM_ARCH_7A__)
# define KEY '_','_','A','R','M','_','A','R','C','H','_','7','A','_','_'
#elif defined(__ARM_ARCH_7S__)
# define KEY '_','_','A','R','M','_','A','R','C','H','_','7','S','_','_'
#endif

#define SIZE (sizeof(INT16))
static char info_size[] =  {'I', 'N', 'F', 'O', ':', 's','i','z','e','[',
  ('0' + ((SIZE / 10000)%10)),
  ('0' + ((SIZE / 1000)%10)),
  ('0' + ((SIZE / 100)%10)),
  ('0' + ((SIZE / 10)%10)),
  ('0' +  (SIZE    % 10)),
  ']',
#ifdef KEY
  ' ','k','e','y','[', KEY, ']',
#endif
  '\0'};

#ifdef __CLASSIC_C__
int main(argc, argv) int argc; char *argv[];
#else
int main(int argc, char *argv[])
#endif
{
  int require = 0;
  require += info_size[argc];
  (void)argv;
  return require;
}


Determining size of INT32 failed with the following output:
Change Dir: /home/dusica/Desktop/descan/Descan/build/CMakeFiles/CMakeTmp

Run Build Command(s):/usr/bin/make cmTC_7582e/fast && /usr/bin/make -f CMakeFiles/cmTC_7582e.dir/build.make CMakeFiles/cmTC_7582e.dir/build
make[1]: Entering directory '/home/dusica/Desktop/descan/Descan/build/CMakeFiles/CMakeTmp'
Building C object CMakeFiles/cmTC_7582e.dir/int32.c.o
/usr/bin/cc   -fsigned-char -W -Wall -Werror=return-type -Werror=address -Werror=sequence-point -Wformat -Werror=format-security -Wmissing-declarations -Wmissing-prototypes -Wstrict-prototypes -Wundef -Winit-self -Wpointer-arith -Wshadow -Wuninitialized -Winit-self -Wno-comment -Wimplicit-fallthrough=3 -Wno-strict-overflow -fdiagnostics-show-option -Wno-long-long -pthread -fomit-frame-pointer -ffunction-sections -fdata-sections  -msse -msse2 -msse3 -fvisibility=hidden  -O3 -DNDEBUG  -DNDEBUG -fPIE   -o CMakeFiles/cmTC_7582e.dir/int32.c.o   -c /home/dusica/Desktop/descan/Descan/build/CMakeFiles/CheckTypeSize/int32.c
/home/dusica/Desktop/descan/Descan/build/CMakeFiles/CheckTypeSize/int32.c:23:22: error: ‘INT32’ undeclared here (not in a function); did you mean ‘INT32_C’?
   23 | #define SIZE (sizeof(INT32))
      |                      ^~~~~
/home/dusica/Desktop/descan/Descan/build/CMakeFiles/CheckTypeSize/int32.c:25:12: note: in expansion of macro ‘SIZE’
   25 |   ('0' + ((SIZE / 10000)%10)),
      |            ^~~~
make[1]: *** [CMakeFiles/cmTC_7582e.dir/build.make:66: CMakeFiles/cmTC_7582e.dir/int32.c.o] Error 1
make[1]: Leaving directory '/home/dusica/Desktop/descan/Descan/build/CMakeFiles/CMakeTmp'
make: *** [Makefile:121: cmTC_7582e/fast] Error 2


/home/dusica/Desktop/descan/Descan/build/CMakeFiles/CheckTypeSize/int32.c:
#include <sys/types.h>
#include <stdint.h>
#include <stddef.h>


#undef KEY
#if defined(__i386)
# define KEY '_','_','i','3','8','6'
#elif defined(__x86_64)
# define KEY '_','_','x','8','6','_','6','4'
#elif defined(__ppc__)
# define KEY '_','_','p','p','c','_','_'
#elif defined(__ppc64__)
# define KEY '_','_','p','p','c','6','4','_','_'
#elif defined(__aarch64__)
# define KEY '_','_','a','a','r','c','h','6','4','_','_'
#elif defined(__ARM_ARCH_7A__)
# define KEY '_','_','A','R','M','_','A','R','C','H','_','7','A','_','_'
#elif defined(__ARM_ARCH_7S__)
# define KEY '_','_','A','R','M','_','A','R','C','H','_','7','S','_','_'
#endif

#define SIZE (sizeof(INT32))
static char info_size[] =  {'I', 'N', 'F', 'O', ':', 's','i','z','e','[',
  ('0' + ((SIZE / 10000)%10)),
  ('0' + ((SIZE / 1000)%10)),
  ('0' + ((SIZE / 100)%10)),
  ('0' + ((SIZE / 10)%10)),
  ('0' +  (SIZE    % 10)),
  ']',
#ifdef KEY
  ' ','k','e','y','[', KEY, ']',
#endif
  '\0'};

#ifdef __CLASSIC_C__
int main(argc, argv) int argc; char *argv[];
#else
int main(int argc, char *argv[])
#endif
{
  int require = 0;
  require += info_size[argc];
  (void)argv;
  return require;
}


Determining if the function setmode exists failed with the following output:
Change Dir: /home/dusica/Desktop/descan/Descan/build/CMakeFiles/CMakeTmp

Run Build Command(s):/usr/bin/make cmTC_c93dd/fast && /usr/bin/make -f CMakeFiles/cmTC_c93dd.dir/build.make CMakeFiles/cmTC_c93dd.dir/build
make[1]: Entering directory '/home/dusica/Desktop/descan/Descan/build/CMakeFiles/CMakeTmp'
Building C object CMakeFiles/cmTC_c93dd.dir/CheckFunctionExists.c.o
/usr/bin/cc   -fsigned-char -W -Wall -Werror=return-type -Werror=address -Werror=sequence-point -Wformat -Werror=format-security -Wmissing-declarations -Wmissing-prototypes -Wstrict-prototypes -Wundef -Winit-self -Wpointer-arith -Wshadow -Wuninitialized -Winit-self -Wno-comment -Wimplicit-fallthrough=3 -Wno-strict-overflow -fdiagnostics-show-option -Wno-long-long -pthread -fomit-frame-pointer -ffunction-sections -fdata-sections  -msse -msse2 -msse3 -fvisibility=hidden -DCHECK_FUNCTION_EXISTS=setmode -O3 -DNDEBUG  -DNDEBUG -fPIE   -o CMakeFiles/cmTC_c93dd.dir/CheckFunctionExists.c.o   -c /usr/share/cmake-3.16/Modules/CheckFunctionExists.c
Linking C executable cmTC_c93dd
/usr/bin/cmake -E cmake_link_script CMakeFiles/cmTC_c93dd.dir/link.txt --verbose=1
/usr/bin/cc    -fsigned-char -W -Wall -Werror=return-type -Werror=address -Werror=sequence-point -Wformat -Werror=format-security -Wmissing-declarations -Wmissing-prototypes -Wstrict-prototypes -Wundef -Winit-self -Wpointer-arith -Wshadow -Wuninitialized -Winit-self -Wno-comment -Wimplicit-fallthrough=3 -Wno-strict-overflow -fdiagnostics-show-option -Wno-long-long -pthread -fomit-frame-pointer -ffunction-sections -fdata-sections  -msse -msse2 -msse3 -fvisibility=hidden -DCHECK_FUNCTION_EXISTS=setmode -O3 -DNDEBUG  -DNDEBUG    -Wl,--gc-sections -Wl,--as-needed  CMakeFiles/cmTC_c93dd.dir/CheckFunctionExists.c.o  -o cmTC_c93dd 
/usr/bin/ld: CMakeFiles/cmTC_c93dd.dir/CheckFunctionExists.c.o: in function `main':
CheckFunctionExists.c:(.text.startup.main+0x10): undefined reference to `setmode'
collect2: error: ld returned 1 exit status
make[1]: *** [CMakeFiles/cmTC_c93dd.dir/build.make:87: cmTC_c93dd] Error 1
make[1]: Leaving directory '/home/dusica/Desktop/descan/Descan/build/CMakeFiles/CMakeTmp'
make: *** [Makefile:121: cmTC_c93dd/fast] Error 2



Build output check failed:
    Regex: 'command[- ]line option .* is valid for .* but not for C\+\+'
    Output line: 'cc1plus: warning: command line option ‘-Wno-missing-prototypes’ is valid for C/ObjC but not for C++'
Compilation failed:
    source file: '/home/dusica/Desktop/descan/Descan/build/CMakeFiles/CMakeTmp/src.cxx'
    check option: ' -Wno-missing-prototypes'
===== BUILD LOG =====
Change Dir: /home/dusica/Desktop/descan/Descan/build/CMakeFiles/CMakeTmp

Run Build Command(s):/usr/bin/make cmTC_6662d/fast && /usr/bin/make -f CMakeFiles/cmTC_6662d.dir/build.make CMakeFiles/cmTC_6662d.dir/build
make[1]: Entering directory '/home/dusica/Desktop/descan/Descan/build/CMakeFiles/CMakeTmp'
Building CXX object CMakeFiles/cmTC_6662d.dir/src.cxx.o
/usr/bin/c++    -fsigned-char -W -Wall -Werror=return-type -Werror=non-virtual-dtor -Werror=address -Werror=sequence-point -Wformat -Werror=format-security -Wundef -Winit-self -Wpointer-arith -Wshadow -Wsign-promo -Wuninitialized -Winit-self -Wsuggest-override -Wno-delete-non-virtual-dtor -Wno-comment -Wimplicit-fallthrough=3 -Wno-strict-overflow -fdiagnostics-show-option -Wno-long-long -pthread -fomit-frame-pointer -ffunction-sections -fdata-sections  -msse -msse2 -msse3 -fvisibility=hidden -fvisibility-inlines-hidden -Wno-missing-declarations -Wno-unused-parameter  -O3 -DNDEBUG  -DNDEBUG -fPIE    -Wno-missing-prototypes -std=c++11 -o CMakeFiles/cmTC_6662d.dir/src.cxx.o -c /home/dusica/Desktop/descan/Descan/build/CMakeFiles/CMakeTmp/src.cxx
cc1plus: warning: command line option ‘-Wno-missing-prototypes’ is valid for C/ObjC but not for C++
/home/dusica/Desktop/descan/Descan/build/CMakeFiles/CMakeTmp/src.cxx:1: warning: ignoring #pragma   [-Wunknown-pragmas]
    1 | #pragma
      | 
Linking CXX executable cmTC_6662d
/usr/bin/cmake -E cmake_link_script CMakeFiles/cmTC_6662d.dir/link.txt --verbose=1
/usr/bin/c++     -fsigned-char -W -Wall -Werror=return-type -Werror=non-virtual-dtor -Werror=address -Werror=sequence-point -Wformat -Werror=format-security -Wundef -Winit-self -Wpointer-arith -Wshadow -Wsign-promo -Wuninitialized -Winit-self -Wsuggest-override -Wno-delete-non-virtual-dtor -Wno-comment -Wimplicit-fallthrough=3 -Wno-strict-overflow -fdiagnostics-show-option -Wno-long-long -pthread -fomit-frame-pointer -ffunction-sections -fdata-sections  -msse -msse2 -msse3 -fvisibility=hidden -fvisibility-inlines-hidden -Wno-missing-declarations -Wno-unused-parameter  -O3 -DNDEBUG  -DNDEBUG    -Wl,--gc-sections -Wl,--as-needed  CMakeFiles/cmTC_6662d.dir/src.cxx.o  -o cmTC_6662d 
make[1]: Leaving directory '/home/dusica/Desktop/descan/Descan/build/CMakeFiles/CMakeTmp'


===== END =====

Determining if the _aligned_malloc exist failed with the following output:
Change Dir: /home/dusica/Desktop/descan/Descan/build/CMakeFiles/CMakeTmp

Run Build Command(s):/usr/bin/make cmTC_b3a99/fast && /usr/bin/make -f CMakeFiles/cmTC_b3a99.dir/build.make CMakeFiles/cmTC_b3a99.dir/build
make[1]: Entering directory '/home/dusica/Desktop/descan/Descan/build/CMakeFiles/CMakeTmp'
Building C object CMakeFiles/cmTC_b3a99.dir/CheckSymbolExists.c.o
/usr/bin/cc   -fsigned-char -W -Wall -Werror=return-type -Werror=address -Werror=sequence-point -Wformat -Werror=format-security -Wmissing-declarations -Wmissing-prototypes -Wstrict-prototypes -Wundef -Winit-self -Wpointer-arith -Wshadow -Wuninitialized -Winit-self -Wno-comment -Wimplicit-fallthrough=3 -Wno-strict-overflow -fdiagnostics-show-option -Wno-long-long -pthread -fomit-frame-pointer -ffunction-sections -fdata-sections  -msse -msse2 -msse3 -fvisibility=hidden  -O3 -DNDEBUG  -DNDEBUG -fPIE   -o CMakeFiles/cmTC_b3a99.dir/CheckSymbolExists.c.o   -c /home/dusica/Desktop/descan/Descan/build/CMakeFiles/CMakeTmp/CheckSymbolExists.c
/home/dusica/Desktop/descan/Descan/build/CMakeFiles/CMakeTmp/CheckSymbolExists.c: In function ‘main’:
/home/dusica/Desktop/descan/Descan/build/CMakeFiles/CMakeTmp/CheckSymbolExists.c:8:19: error: ‘_aligned_malloc’ undeclared (first use in this function)
    8 |   return ((int*)(&_aligned_malloc))[argc];
      |                   ^~~~~~~~~~~~~~~
/home/dusica/Desktop/descan/Descan/build/CMakeFiles/CMakeTmp/CheckSymbolExists.c:8:19: note: each undeclared identifier is reported only once for each function it appears in
/home/dusica/Desktop/descan/Descan/build/CMakeFiles/CMakeTmp/CheckSymbolExists.c:4:14: warning: parameter ‘argc’ set but not used [-Wunused-but-set-parameter]
    4 | int main(int argc, char** argv)
      |          ~~~~^~~~
make[1]: *** [CMakeFiles/cmTC_b3a99.dir/build.make:66: CMakeFiles/cmTC_b3a99.dir/CheckSymbolExists.c.o] Error 1
make[1]: Leaving directory '/home/dusica/Desktop/descan/Descan/build/CMakeFiles/CMakeTmp'
make: *** [Makefile:121: cmTC_b3a99/fast] Error 2


File /home/dusica/Desktop/descan/Descan/build/CMakeFiles/CMakeTmp/CheckSymbolExists.c:
/* */
#include <malloc.h>

int main(int argc, char** argv)
{
  (void)argv;
#ifndef _aligned_malloc
  return ((int*)(&_aligned_malloc))[argc];
#else
  (void)argc;
  return 0;
#endif
}
Build output check failed:
    Regex: 'unrecognized .*option'
    Output line: 'cc1plus: warning: unrecognized command line option ‘-Wno-inconsistent-missing-override’'
Compilation failed:
    source file: '/home/dusica/Desktop/descan/Descan/build/CMakeFiles/CMakeTmp/src.cxx'
    check option: ' -Wno-inconsistent-missing-override'
===== BUILD LOG =====
Change Dir: /home/dusica/Desktop/descan/Descan/build/CMakeFiles/CMakeTmp

Run Build Command(s):/usr/bin/make cmTC_44984/fast && /usr/bin/make -f CMakeFiles/cmTC_44984.dir/build.make CMakeFiles/cmTC_44984.dir/build
make[1]: Entering directory '/home/dusica/Desktop/descan/Descan/build/CMakeFiles/CMakeTmp'
Building CXX object CMakeFiles/cmTC_44984.dir/src.cxx.o
/usr/bin/c++    -fsigned-char -W -Wall -Werror=return-type -Werror=non-virtual-dtor -Werror=address -Werror=sequence-point -Wformat -Werror=format-security -Winit-self -Wpointer-arith -Wsign-promo -Winit-self -Wno-delete-non-virtual-dtor -Wno-comment -Wimplicit-fallthrough=3 -Wno-strict-overflow -fdiagnostics-show-option -Wno-long-long -pthread -fomit-frame-pointer -ffunction-sections -fdata-sections  -msse -msse2 -msse3 -fvisibility=hidden -fvisibility-inlines-hidden -Wno-shadow -Wno-unused -Wno-sign-compare -Wno-undef -Wno-missing-declarations -Wno-uninitialized -Wno-switch -Wno-parentheses -Wno-array-bounds -Wno-extra -Wno-deprecated-declarations -Wno-misleading-indentation -Wno-deprecated -Wno-suggest-override  -O3 -DNDEBUG  -DNDEBUG -fPIE    -Wno-inconsistent-missing-override -std=c++11 -o CMakeFiles/cmTC_44984.dir/src.cxx.o -c /home/dusica/Desktop/descan/Descan/build/CMakeFiles/CMakeTmp/src.cxx
/home/dusica/Desktop/descan/Descan/build/CMakeFiles/CMakeTmp/src.cxx:1: warning: ignoring #pragma   [-Wunknown-pragmas]
    1 | #pragma
      | 
cc1plus: warning: unrecognized command line option ‘-Wno-inconsistent-missing-override’
Linking CXX executable cmTC_44984
/usr/bin/cmake -E cmake_link_script CMakeFiles/cmTC_44984.dir/link.txt --verbose=1
/usr/bin/c++     -fsigned-char -W -Wall -Werror=return-type -Werror=non-virtual-dtor -Werror=address -Werror=sequence-point -Wformat -Werror=format-security -Winit-self -Wpointer-arith -Wsign-promo -Winit-self -Wno-delete-non-virtual-dtor -Wno-comment -Wimplicit-fallthrough=3 -Wno-strict-overflow -fdiagnostics-show-option -Wno-long-long -pthread -fomit-frame-pointer -ffunction-sections -fdata-sections  -msse -msse2 -msse3 -fvisibility=hidden -fvisibility-inlines-hidden -Wno-shadow -Wno-unused -Wno-sign-compare -Wno-undef -Wno-missing-declarations -Wno-uninitialized -Wno-switch -Wno-parentheses -Wno-array-bounds -Wno-extra -Wno-deprecated-declarations -Wno-misleading-indentation -Wno-deprecated -Wno-suggest-override  -O3 -DNDEBUG  -DNDEBUG    -Wl,--gc-sections -Wl,--as-needed  CMakeFiles/cmTC_44984.dir/src.cxx.o  -o cmTC_44984 
make[1]: Leaving directory '/home/dusica/Desktop/descan/Descan/build/CMakeFiles/CMakeTmp'


===== END =====

Determining if the function sgemm_ exists failed with the following output:
Change Dir: /home/dusica/Desktop/descan/Descan/build/CMakeFiles/CMakeTmp

Run Build Command(s):/usr/bin/make cmTC_5dc75/fast && /usr/bin/make -f CMakeFiles/cmTC_5dc75.dir/build.make CMakeFiles/cmTC_5dc75.dir/build
make[1]: Entering directory '/home/dusica/Desktop/descan/Descan/build/CMakeFiles/CMakeTmp'
Building C object CMakeFiles/cmTC_5dc75.dir/CheckFunctionExists.c.o
/usr/bin/cc   -fsigned-char -W -Wall -Werror=return-type -Werror=address -Werror=sequence-point -Wformat -Werror=format-security -Wmissing-declarations -Wmissing-prototypes -Wstrict-prototypes -Wundef -Winit-self -Wpointer-arith -Wshadow -Wuninitialized -Winit-self -Wno-comment -Wimplicit-fallthrough=3 -Wno-strict-overflow -fdiagnostics-show-option -Wno-long-long -pthread -fomit-frame-pointer -ffunction-sections -fdata-sections  -msse -msse2 -msse3 -fvisibility=hidden -DCHECK_FUNCTION_EXISTS=sgemm_ -O3 -DNDEBUG  -DNDEBUG -fPIE   -o CMakeFiles/cmTC_5dc75.dir/CheckFunctionExists.c.o   -c /usr/share/cmake-3.16/Modules/CheckFunctionExists.c
Linking C executable cmTC_5dc75
/usr/bin/cmake -E cmake_link_script CMakeFiles/cmTC_5dc75.dir/link.txt --verbose=1
/usr/bin/cc    -fsigned-char -W -Wall -Werror=return-type -Werror=address -Werror=sequence-point -Wformat -Werror=format-security -Wmissing-declarations -Wmissing-prototypes -Wstrict-prototypes -Wundef -Winit-self -Wpointer-arith -Wshadow -Wuninitialized -Winit-self -Wno-comment -Wimplicit-fallthrough=3 -Wno-strict-overflow -fdiagnostics-show-option -Wno-long-long -pthread -fomit-frame-pointer -ffunction-sections -fdata-sections  -msse -msse2 -msse3 -fvisibility=hidden -DCHECK_FUNCTION_EXISTS=sgemm_ -O3 -DNDEBUG  -DNDEBUG    -Wl,--gc-sections -Wl,--as-needed  CMakeFiles/cmTC_5dc75.dir/CheckFunctionExists.c.o  -o cmTC_5dc75 
/usr/bin/ld: CMakeFiles/cmTC_5dc75.dir/CheckFunctionExists.c.o: in function `main':
CheckFunctionExists.c:(.text.startup.main+0x10): undefined reference to `sgemm_'
collect2: error: ld returned 1 exit status
make[1]: *** [CMakeFiles/cmTC_5dc75.dir/build.make:87: cmTC_5dc75] Error 1
make[1]: Leaving directory '/home/dusica/Desktop/descan/Descan/build/CMakeFiles/CMakeTmp'
make: *** [Makefile:121: cmTC_5dc75/fast] Error 2



Determining if the function cheev_ exists failed with the following output:
Change Dir: /home/dusica/Desktop/descan/Descan/build/CMakeFiles/CMakeTmp

Run Build Command(s):/usr/bin/make cmTC_7877a/fast && /usr/bin/make -f CMakeFiles/cmTC_7877a.dir/build.make CMakeFiles/cmTC_7877a.dir/build
make[1]: Entering directory '/home/dusica/Desktop/descan/Descan/build/CMakeFiles/CMakeTmp'
Building C object CMakeFiles/cmTC_7877a.dir/CheckFunctionExists.c.o
/usr/bin/cc   -fsigned-char -W -Wall -Werror=return-type -Werror=address -Werror=sequence-point -Wformat -Werror=format-security -Wmissing-declarations -Wmissing-prototypes -Wstrict-prototypes -Wundef -Winit-self -Wpointer-arith -Wshadow -Wuninitialized -Winit-self -Wno-comment -Wimplicit-fallthrough=3 -Wno-strict-overflow -fdiagnostics-show-option -Wno-long-long -pthread -fomit-frame-pointer -ffunction-sections -fdata-sections  -msse -msse2 -msse3 -fvisibility=hidden -DCHECK_FUNCTION_EXISTS=cheev_ -O3 -DNDEBUG  -DNDEBUG -fPIE   -o CMakeFiles/cmTC_7877a.dir/CheckFunctionExists.c.o   -c /usr/share/cmake-3.16/Modules/CheckFunctionExists.c
Linking C executable cmTC_7877a
/usr/bin/cmake -E cmake_link_script CMakeFiles/cmTC_7877a.dir/link.txt --verbose=1
/usr/bin/cc    -fsigned-char -W -Wall -Werror=return-type -Werror=address -Werror=sequence-point -Wformat -Werror=format-security -Wmissing-declarations -Wmissing-prototypes -Wstrict-prototypes -Wundef -Winit-self -Wpointer-arith -Wshadow -Wuninitialized -Winit-self -Wno-comment -Wimplicit-fallthrough=3 -Wno-strict-overflow -fdiagnostics-show-option -Wno-long-long -pthread -fomit-frame-pointer -ffunction-sections -fdata-sections  -msse -msse2 -msse3 -fvisibility=hidden -DCHECK_FUNCTION_EXISTS=cheev_ -O3 -DNDEBUG  -DNDEBUG    -Wl,--gc-sections -Wl,--as-needed  CMakeFiles/cmTC_7877a.dir/CheckFunctionExists.c.o  -o cmTC_7877a  /usr/lib/x86_64-linux-gnu/libblas.so 
/usr/bin/ld: CMakeFiles/cmTC_7877a.dir/CheckFunctionExists.c.o: in function `main':
CheckFunctionExists.c:(.text.startup.main+0x10): undefined reference to `cheev_'
collect2: error: ld returned 1 exit status
make[1]: *** [CMakeFiles/cmTC_7877a.dir/build.make:88: cmTC_7877a] Error 1
make[1]: Leaving directory '/home/dusica/Desktop/descan/Descan/build/CMakeFiles/CMakeTmp'
make: *** [Makefile:121: cmTC_7877a/fast] Error 2



Build output check failed:
    Regex: 'unrecognized .*option'
    Output line: 'cc1plus: warning: unrecognized command line option ‘-Wno-tautological-undefined-compare’'
Compilation failed:
    source file: '/home/dusica/Desktop/descan/Descan/build/CMakeFiles/CMakeTmp/src.cxx'
    check option: ' -Wno-tautological-undefined-compare'
===== BUILD LOG =====
Change Dir: /home/dusica/Desktop/descan/Descan/build/CMakeFiles/CMakeTmp

Run Build Command(s):/usr/bin/make cmTC_c87a5/fast && /usr/bin/make -f CMakeFiles/cmTC_c87a5.dir/build.make CMakeFiles/cmTC_c87a5.dir/build
make[1]: Entering directory '/home/dusica/Desktop/descan/Descan/build/CMakeFiles/CMakeTmp'
Building CXX object CMakeFiles/cmTC_c87a5.dir/src.cxx.o
/usr/bin/c++    -fsigned-char -W -Wall -Werror=return-type -Werror=non-virtual-dtor -Werror=address -Werror=sequence-point -Wformat -Werror=format-security -Winit-self -Wpointer-arith -Wuninitialized -Winit-self -Wsuggest-override -Wno-delete-non-virtual-dtor -Wno-comment -Wimplicit-fallthrough=3 -Wno-strict-overflow -fdiagnostics-show-option -Wno-long-long -pthread -fomit-frame-pointer -ffunction-sections -fdata-sections  -msse -msse2 -msse3 -fvisibility=hidden -fvisibility-inlines-hidden -Wno-deprecated -Wno-missing-declarations -Wno-shadow -Wno-unused-parameter -Wno-unused-local-typedefs -Wno-sign-compare -Wno-sign-promo -Wno-undef  -O3 -DNDEBUG  -DNDEBUG -fPIE    -Wno-tautological-undefined-compare -std=c++11 -o CMakeFiles/cmTC_c87a5.dir/src.cxx.o -c /home/dusica/Desktop/descan/Descan/build/CMakeFiles/CMakeTmp/src.cxx
/home/dusica/Desktop/descan/Descan/build/CMakeFiles/CMakeTmp/src.cxx:1: warning: ignoring #pragma   [-Wunknown-pragmas]
    1 | #pragma
      | 
cc1plus: warning: unrecognized command line option ‘-Wno-tautological-undefined-compare’
Linking CXX executable cmTC_c87a5
/usr/bin/cmake -E cmake_link_script CMakeFiles/cmTC_c87a5.dir/link.txt --verbose=1
/usr/bin/c++     -fsigned-char -W -Wall -Werror=return-type -Werror=non-virtual-dtor -Werror=address -Werror=sequence-point -Wformat -Werror=format-security -Winit-self -Wpointer-arith -Wuninitialized -Winit-self -Wsuggest-override -Wno-delete-non-virtual-dtor -Wno-comment -Wimplicit-fallthrough=3 -Wno-strict-overflow -fdiagnostics-show-option -Wno-long-long -pthread -fomit-frame-pointer -ffunction-sections -fdata-sections  -msse -msse2 -msse3 -fvisibility=hidden -fvisibility-inlines-hidden -Wno-deprecated -Wno-missing-declarations -Wno-shadow -Wno-unused-parameter -Wno-unused-local-typedefs -Wno-sign-compare -Wno-sign-promo -Wno-undef  -O3 -DNDEBUG  -DNDEBUG    -Wl,--gc-sections -Wl,--as-needed  CMakeFiles/cmTC_c87a5.dir/src.cxx.o  -o cmTC_c87a5 
make[1]: Leaving directory '/home/dusica/Desktop/descan/Descan/build/CMakeFiles/CMakeTmp'


===== END =====

Build output check failed:
    Regex: 'unrecognized .*option'
    Output line: 'cc1plus: warning: unrecognized command line option ‘-Wno-shorten-64-to-32’'
Compilation failed:
    source file: '/home/dusica/Desktop/descan/Descan/build/CMakeFiles/CMakeTmp/src.cxx'
    check option: ' -Wno-shorten-64-to-32'
===== BUILD LOG =====
Change Dir: /home/dusica/Desktop/descan/Descan/build/CMakeFiles/CMakeTmp

Run Build Command(s):/usr/bin/make cmTC_912c9/fast && /usr/bin/make -f CMakeFiles/cmTC_912c9.dir/build.make CMakeFiles/cmTC_912c9.dir/build
make[1]: Entering directory '/home/dusica/Desktop/descan/Descan/build/CMakeFiles/CMakeTmp'
Building CXX object CMakeFiles/cmTC_912c9.dir/src.cxx.o
/usr/bin/c++    -fsigned-char -W -Wall -Werror=return-type -Werror=non-virtual-dtor -Werror=address -Werror=sequence-point -Wformat -Werror=format-security -Winit-self -Wpointer-arith -Wuninitialized -Winit-self -Wsuggest-override -Wno-delete-non-virtual-dtor -Wno-comment -Wimplicit-fallthrough=3 -Wno-strict-overflow -fdiagnostics-show-option -Wno-long-long -pthread -fomit-frame-pointer -ffunction-sections -fdata-sections  -msse -msse2 -msse3 -fvisibility=hidden -fvisibility-inlines-hidden -Wno-deprecated -Wno-missing-declarations -Wno-shadow -Wno-unused-parameter -Wno-unused-local-typedefs -Wno-sign-compare -Wno-sign-promo -Wno-undef -Wno-ignored-qualifiers -Wno-extra -Wno-unused-function -Wno-unused-const-variable  -O3 -DNDEBUG  -DNDEBUG -fPIE    -Wno-shorten-64-to-32 -std=c++11 -o CMakeFiles/cmTC_912c9.dir/src.cxx.o -c /home/dusica/Desktop/descan/Descan/build/CMakeFiles/CMakeTmp/src.cxx
/home/dusica/Desktop/descan/Descan/build/CMakeFiles/CMakeTmp/src.cxx:1: warning: ignoring #pragma   [-Wunknown-pragmas]
    1 | #pragma
      | 
cc1plus: warning: unrecognized command line option ‘-Wno-shorten-64-to-32’
Linking CXX executable cmTC_912c9
/usr/bin/cmake -E cmake_link_script CMakeFiles/cmTC_912c9.dir/link.txt --verbose=1
/usr/bin/c++     -fsigned-char -W -Wall -Werror=return-type -Werror=non-virtual-dtor -Werror=address -Werror=sequence-point -Wformat -Werror=format-security -Winit-self -Wpointer-arith -Wuninitialized -Winit-self -Wsuggest-override -Wno-delete-non-virtual-dtor -Wno-comment -Wimplicit-fallthrough=3 -Wno-strict-overflow -fdiagnostics-show-option -Wno-long-long -pthread -fomit-frame-pointer -ffunction-sections -fdata-sections  -msse -msse2 -msse3 -fvisibility=hidden -fvisibility-inlines-hidden -Wno-deprecated -Wno-missing-declarations -Wno-shadow -Wno-unused-parameter -Wno-unused-local-typedefs -Wno-sign-compare -Wno-sign-promo -Wno-undef -Wno-ignored-qualifiers -Wno-extra -Wno-unused-function -Wno-unused-const-variable  -O3 -DNDEBUG  -DNDEBUG    -Wl,--gc-sections -Wl,--as-needed  CMakeFiles/cmTC_912c9.dir/src.cxx.o  -o cmTC_912c9 
make[1]: Leaving directory '/home/dusica/Desktop/descan/Descan/build/CMakeFiles/CMakeTmp'


===== END =====

Build output check failed:
    Regex: 'unrecognized .*option'
    Output line: 'cc1plus: warning: unrecognized command line option ‘-Wno-enum-compare-switch’'
Compilation failed:
    source file: '/home/dusica/Desktop/descan/Descan/build/CMakeFiles/CMakeTmp/src.cxx'
    check option: ' -Wno-enum-compare-switch'
===== BUILD LOG =====
Change Dir: /home/dusica/Desktop/descan/Descan/build/CMakeFiles/CMakeTmp

Run Build Command(s):/usr/bin/make cmTC_a0634/fast && /usr/bin/make -f CMakeFiles/cmTC_a0634.dir/build.make CMakeFiles/cmTC_a0634.dir/build
make[1]: Entering directory '/home/dusica/Desktop/descan/Descan/build/CMakeFiles/CMakeTmp'
Building CXX object CMakeFiles/cmTC_a0634.dir/src.cxx.o
/usr/bin/c++    -fsigned-char -W -Wall -Werror=return-type -Werror=non-virtual-dtor -Werror=address -Werror=sequence-point -Wformat -Werror=format-security -Winit-self -Wpointer-arith -Wuninitialized -Winit-self -Wsuggest-override -Wno-delete-non-virtual-dtor -Wno-comment -Wimplicit-fallthrough=3 -Wno-strict-overflow -fdiagnostics-show-option -Wno-long-long -pthread -fomit-frame-pointer -ffunction-sections -fdata-sections  -msse -msse2 -msse3 -fvisibility=hidden -fvisibility-inlines-hidden -Wno-deprecated -Wno-missing-declarations -Wno-shadow -Wno-unused-parameter -Wno-unused-local-typedefs -Wno-sign-compare -Wno-sign-promo -Wno-undef -Wno-ignored-qualifiers -Wno-extra -Wno-unused-function -Wno-unused-const-variable -Wno-invalid-offsetof  -O3 -DNDEBUG  -DNDEBUG -fPIE    -Wno-enum-compare-switch -std=c++11 -o CMakeFiles/cmTC_a0634.dir/src.cxx.o -c /home/dusica/Desktop/descan/Descan/build/CMakeFiles/CMakeTmp/src.cxx
/home/dusica/Desktop/descan/Descan/build/CMakeFiles/CMakeTmp/src.cxx:1: warning: ignoring #pragma   [-Wunknown-pragmas]
    1 | #pragma
      | 
cc1plus: warning: unrecognized command line option ‘-Wno-enum-compare-switch’
Linking CXX executable cmTC_a0634
/usr/bin/cmake -E cmake_link_script CMakeFiles/cmTC_a0634.dir/link.txt --verbose=1
/usr/bin/c++     -fsigned-char -W -Wall -Werror=return-type -Werror=non-virtual-dtor -Werror=address -Werror=sequence-point -Wformat -Werror=format-security -Winit-self -Wpointer-arith -Wuninitialized -Winit-self -Wsuggest-override -Wno-delete-non-virtual-dtor -Wno-comment -Wimplicit-fallthrough=3 -Wno-strict-overflow -fdiagnostics-show-option -Wno-long-long -pthread -fomit-frame-pointer -ffunction-sections -fdata-sections  -msse -msse2 -msse3 -fvisibility=hidden -fvisibility-inlines-hidden -Wno-deprecated -Wno-missing-declarations -Wno-shadow -Wno-unused-parameter -Wno-unused-local-typedefs -Wno-sign-compare -Wno-sign-promo -Wno-undef -Wno-ignored-qualifiers -Wno-extra -Wno-unused-function -Wno-unused-const-variable -Wno-invalid-offsetof  -O3 -DNDEBUG  -DNDEBUG    -Wl,--gc-sections -Wl,--as-needed  CMakeFiles/cmTC_a0634.dir/src.cxx.o  -o cmTC_a0634 
make[1]: Leaving directory '/home/dusica/Desktop/descan/Descan/build/CMakeFiles/CMakeTmp'


===== END =====

Determining if the include file sys/videoio.h exists failed with the following output:
Change Dir: /home/dusica/Desktop/descan/Descan/build/CMakeFiles/CMakeTmp

Run Build Command(s):/usr/bin/make cmTC_302e9/fast && /usr/bin/make -f CMakeFiles/cmTC_302e9.dir/build.make CMakeFiles/cmTC_302e9.dir/build
make[1]: Entering directory '/home/dusica/Desktop/descan/Descan/build/CMakeFiles/CMakeTmp'
Building C object CMakeFiles/cmTC_302e9.dir/CheckIncludeFile.c.o
/usr/bin/cc   -fsigned-char -W -Wall -Werror=return-type -Werror=address -Werror=sequence-point -Wformat -Werror=format-security -Wmissing-declarations -Wmissing-prototypes -Wstrict-prototypes -Wundef -Winit-self -Wpointer-arith -Wshadow -Wuninitialized -Winit-self -Wno-comment -Wimplicit-fallthrough=3 -Wno-strict-overflow -fdiagnostics-show-option -Wno-long-long -pthread -fomit-frame-pointer -ffunction-sections -fdata-sections  -msse -msse2 -msse3 -fvisibility=hidden  -O3 -DNDEBUG  -DNDEBUG -fPIE   -o CMakeFiles/cmTC_302e9.dir/CheckIncludeFile.c.o   -c /home/dusica/Desktop/descan/Descan/build/CMakeFiles/CMakeTmp/CheckIncludeFile.c
/home/dusica/Desktop/descan/Descan/build/CMakeFiles/CMakeTmp/CheckIncludeFile.c:1:10: fatal error: sys/videoio.h: No such file or directory
    1 | #include <sys/videoio.h>
      |          ^~~~~~~~~~~~~~~
compilation terminated.
make[1]: *** [CMakeFiles/cmTC_302e9.dir/build.make:66: CMakeFiles/cmTC_302e9.dir/CheckIncludeFile.c.o] Error 1
make[1]: Leaving directory '/home/dusica/Desktop/descan/Descan/build/CMakeFiles/CMakeTmp'
make: *** [Makefile:121: cmTC_302e9/fast] Error 2



